0 info it worked if it ends with ok
1 verbose cli [ 'C:\\Program Files\\nodejs\\node.exe',
1 verbose cli   'C:\\Program Files\\nodejs\\node_modules\\npm\\bin\\npm-cli.js',
1 verbose cli   'run',
1 verbose cli   'start',
1 verbose cli   '--',
1 verbose cli   'Aj6b3C05Bfd2',
1 verbose cli   'as98fdsf789afd7' ]
2 info using npm@3.6.0
3 info using node@v5.6.0
4 verbose run-script [ 'prestart', 'start', 'poststart' ]
5 info lifecycle mara-proto@0.0.0~prestart: mara-proto@0.0.0
6 silly lifecycle mara-proto@0.0.0~prestart: no script for prestart, continuing
7 info lifecycle mara-proto@0.0.0~start: mara-proto@0.0.0
8 verbose lifecycle mara-proto@0.0.0~start: unsafe-perm in lifecycle true
9 verbose lifecycle mara-proto@0.0.0~start: PATH: C:\Program Files\nodejs\node_modules\npm\bin\node-gyp-bin;C:\Users\Jdbor1\Documents\Development\mara-proto\node_modules\.bin;C:\ProgramData\Oracle\Java\javapath;C:\Program Files\Java\jdk1.8.0_60\bin;C:\Users\Jdbor1\algs4\java\bin;C:\windows\system32;C:\windows;C:\windows\System32\Wbem;C:\windows\System32\WindowsPowerShell\v1.0\;C:\Program Files (x86)\Windows Kits\8.1\Windows Performance Toolkit\;C:\Program Files\Microsoft SQL Server\110\Tools\Binn\;C:\Program Files (x86)\Microsoft SDKs\TypeScript\1.0\;C:\Program Files\Microsoft SQL Server\120\Tools\Binn\;C:\WINDOWS\system32;C:\WINDOWS;C:\WINDOWS\System32\Wbem;C:\WINDOWS\System32\WindowsPowerShell\v1.0\;C:\Program Files (x86)\Skype\Phone\;C:\Program Files (x86)\Microsoft Visual Studio 12.0\VC\bin;C:\Program Files (x86)\apache-maven-3.3.3\bin;C:\Program Files (x86)\Google\Google Apps Sync\;C:\Program Files (x86)\Google\Google Apps Migration\;C:\Program Files\nodejs\;C:\Program Files\Git\cmd;C:\Python34\;C:\Python34\Scripts\;C:\Program Files\CloudFoundry;"C:\Program Files\MongoDB\Server\3.2\bin";C:\Users\Jdbor1\algs4\bin;C:\Users\Jdbor1\algs4\java\bin;C:\Users\Jdbor1\AppData\Roaming\npm;%USERPROFILE%\AppData\Local\Microsoft\WindowsApps;
10 verbose lifecycle mara-proto@0.0.0~start: CWD: C:\Users\Jdbor1\Documents\Development\mara-proto
11 silly lifecycle mara-proto@0.0.0~start: Args: [ '/d /s /c',
11 silly lifecycle   'node ./bin/www "Aj6b3C05Bfd2" "as98fdsf789afd7"' ]
12 silly lifecycle mara-proto@0.0.0~start: Returned: code: 1  signal: null
13 info lifecycle mara-proto@0.0.0~start: Failed to exec start script
14 verbose stack Error: mara-proto@0.0.0 start: `node ./bin/www "Aj6b3C05Bfd2" "as98fdsf789afd7"`
14 verbose stack Exit status 1
14 verbose stack     at EventEmitter.<anonymous> (C:\Program Files\nodejs\node_modules\npm\lib\utils\lifecycle.js:232:16)
14 verbose stack     at emitTwo (events.js:100:13)
14 verbose stack     at EventEmitter.emit (events.js:185:7)
14 verbose stack     at ChildProcess.<anonymous> (C:\Program Files\nodejs\node_modules\npm\lib\utils\spawn.js:24:14)
14 verbose stack     at emitTwo (events.js:100:13)
14 verbose stack     at ChildProcess.emit (events.js:185:7)
14 verbose stack     at maybeClose (internal/child_process.js:827:16)
14 verbose stack     at Process.ChildProcess._handle.onexit (internal/child_process.js:211:5)
15 verbose pkgid mara-proto@0.0.0
16 verbose cwd C:\Users\Jdbor1\Documents\Development\mara-proto
17 error Windows_NT 10.0.14393
18 error argv "C:\\Program Files\\nodejs\\node.exe" "C:\\Program Files\\nodejs\\node_modules\\npm\\bin\\npm-cli.js" "run" "start" "--" "Aj6b3C05Bfd2" "as98fdsf789afd7"
19 error node v5.6.0
20 error npm  v3.6.0
21 error code ELIFECYCLE
22 error mara-proto@0.0.0 start: `node ./bin/www "Aj6b3C05Bfd2" "as98fdsf789afd7"`
22 error Exit status 1
23 error Failed at the mara-proto@0.0.0 start script 'node ./bin/www "Aj6b3C05Bfd2" "as98fdsf789afd7"'.
23 error Make sure you have the latest version of node.js and npm installed.
23 error If you do, this is most likely a problem with the mara-proto package,
23 error not with npm itself.
23 error Tell the author that this fails on your system:
23 error     node ./bin/www "Aj6b3C05Bfd2" "as98fdsf789afd7"
23 error You can get information on how to open an issue for this project with:
23 error     npm bugs mara-proto
23 error Or if that isn't available, you can get their info via:
23 error     npm owner ls mara-proto
23 error There is likely additional logging output above.
24 verbose exit [ 1, true ]
